==============================================================================
loginTest :: To validate login form                                           
==============================================================================
validate successful login                                               
  Traceback (most recent call last):
    ~~~~~~~~~~~~~~~~~~~~~~~~~~~~~~~~~~~~~~~~~~~~~~~~~~~~~~~~~~~~~~~~~~~~~~~~~~
    File  /Users/neosoft/PycharmProjects/UI-Automation/testCase/loginTest.robot:6
    T:  validate successful login    
    ~~~~~~~~~~~~~~~~~~~~~~~~~~~~~~~~~~~~~~~~~~~~~~~~~~~~~~~~~~~~~~~~~~~~~~~~~~
    File  /Users/neosoft/PycharmProjects/UI-Automation/testCase/loginTest.robot:8
      enter user credentials    
    ~~~~~~~~~~~~~~~~~~~~~~~~~~~~~~~~~~~~~~~~~~~~~~~~~~~~~~~~~~~~~~~~~~~~~~~~~~
    File  /Users/neosoft/PycharmProjects/UI-Automation/testCase/loginTest.robot:21
      Wait Until Element Is Visible    id:password
______________________________________________________________________________
| FAIL |
Element 'id:password' not visible after 5 seconds.
------------------------------------------------------------------------------
validate successful login                                               
  Traceback (most recent call last):
    ~~~~~~~~~~~~~~~~~~~~~~~~~~~~~~~~~~~~~~~~~~~~~~~~~~~~~~~~~~~~~~~~~~~~~~~~~~
    File  /Users/neosoft/PycharmProjects/UI-Automation/testCase/loginTest.robot:11
    T:  validate successful login    
    ~~~~~~~~~~~~~~~~~~~~~~~~~~~~~~~~~~~~~~~~~~~~~~~~~~~~~~~~~~~~~~~~~~~~~~~~~~
    File  /Users/neosoft/PycharmProjects/UI-Automation/testCase/loginTest.robot:14
      validate user login successfully    
    ~~~~~~~~~~~~~~~~~~~~~~~~~~~~~~~~~~~~~~~~~~~~~~~~~~~~~~~~~~~~~~~~~~~~~~~~~~
    File  /Users/neosoft/PycharmProjects/UI-Automation/testCase/loginTest.robot:26
      Wait Until Element Is Visible    xpath://div[@data-testid='avatar-component']
______________________________________________________________________________
| FAIL |
Element 'xpath://div[@data-testid='avatar-component']' not visible after 5 seconds.
------------------------------------------------------------------------------
loginTest :: To validate login form                                   | FAIL |
2 tests, 0 passed, 2 failed
==============================================================================
Output:  /Users/neosoft/PycharmProjects/UI-Automation/pabot_results/1/output.xml
